2023-08-05 15:54:42 [DEBUG][com.zaxxer.hikari.pool.HikariPool][logPoolState][421]-> HikariCPDatasource - Before cleanup stats (total=5, active=0, idle=5, waiting=0)
2023-08-05 15:54:42 [DEBUG][com.zaxxer.hikari.pool.HikariPool][logPoolState][421]-> HikariCPDatasource - After cleanup  stats (total=5, active=0, idle=5, waiting=0)
2023-08-05 15:54:42 [DEBUG][com.zaxxer.hikari.pool.HikariPool][fillPool][518]-> HikariCPDatasource - Fill pool skipped, pool is at sufficient level.
2023-08-05 15:55:12 [DEBUG][com.zaxxer.hikari.pool.HikariPool][logPoolState][421]-> HikariCPDatasource - Before cleanup stats (total=5, active=0, idle=5, waiting=0)
2023-08-05 15:55:12 [DEBUG][com.zaxxer.hikari.pool.HikariPool][logPoolState][421]-> HikariCPDatasource - After cleanup  stats (total=5, active=0, idle=5, waiting=0)
2023-08-05 15:55:12 [DEBUG][com.zaxxer.hikari.pool.HikariPool][fillPool][518]-> HikariCPDatasource - Fill pool skipped, pool is at sufficient level.
2023-08-05 15:55:42 [DEBUG][com.zaxxer.hikari.pool.HikariPool][logPoolState][421]-> HikariCPDatasource - Before cleanup stats (total=5, active=0, idle=5, waiting=0)
2023-08-05 15:55:42 [DEBUG][com.zaxxer.hikari.pool.HikariPool][logPoolState][421]-> HikariCPDatasource - After cleanup  stats (total=5, active=0, idle=5, waiting=0)
2023-08-05 15:55:42 [DEBUG][com.zaxxer.hikari.pool.HikariPool][fillPool][518]-> HikariCPDatasource - Fill pool skipped, pool is at sufficient level.
2023-08-05 15:56:12 [DEBUG][com.zaxxer.hikari.pool.HikariPool][logPoolState][421]-> HikariCPDatasource - Before cleanup stats (total=5, active=0, idle=5, waiting=0)
2023-08-05 15:56:12 [DEBUG][com.zaxxer.hikari.pool.HikariPool][logPoolState][421]-> HikariCPDatasource - After cleanup  stats (total=5, active=0, idle=5, waiting=0)
2023-08-05 15:56:12 [DEBUG][com.zaxxer.hikari.pool.HikariPool][fillPool][518]-> HikariCPDatasource - Fill pool skipped, pool is at sufficient level.
2023-08-05 15:56:42 [DEBUG][com.zaxxer.hikari.pool.HikariPool][logPoolState][421]-> HikariCPDatasource - Before cleanup stats (total=5, active=0, idle=5, waiting=0)
2023-08-05 15:56:42 [DEBUG][com.zaxxer.hikari.pool.HikariPool][logPoolState][421]-> HikariCPDatasource - After cleanup  stats (total=5, active=0, idle=5, waiting=0)
2023-08-05 15:56:42 [DEBUG][com.zaxxer.hikari.pool.HikariPool][fillPool][518]-> HikariCPDatasource - Fill pool skipped, pool is at sufficient level.
2023-08-05 15:57:12 [DEBUG][com.zaxxer.hikari.pool.HikariPool][logPoolState][421]-> HikariCPDatasource - Before cleanup stats (total=5, active=0, idle=5, waiting=0)
2023-08-05 15:57:12 [DEBUG][com.zaxxer.hikari.pool.HikariPool][logPoolState][421]-> HikariCPDatasource - After cleanup  stats (total=5, active=0, idle=5, waiting=0)
2023-08-05 15:57:12 [DEBUG][com.zaxxer.hikari.pool.HikariPool][fillPool][518]-> HikariCPDatasource - Fill pool skipped, pool is at sufficient level.
2023-08-05 15:57:42 [DEBUG][com.zaxxer.hikari.pool.HikariPool][logPoolState][421]-> HikariCPDatasource - Before cleanup stats (total=5, active=0, idle=5, waiting=0)
2023-08-05 15:57:42 [DEBUG][com.zaxxer.hikari.pool.HikariPool][logPoolState][421]-> HikariCPDatasource - After cleanup  stats (total=5, active=0, idle=5, waiting=0)
2023-08-05 15:57:42 [DEBUG][com.zaxxer.hikari.pool.HikariPool][fillPool][518]-> HikariCPDatasource - Fill pool skipped, pool is at sufficient level.
2023-08-05 15:58:12 [DEBUG][com.zaxxer.hikari.pool.HikariPool][logPoolState][421]-> HikariCPDatasource - Before cleanup stats (total=5, active=0, idle=5, waiting=0)
2023-08-05 15:58:12 [DEBUG][com.zaxxer.hikari.pool.HikariPool][logPoolState][421]-> HikariCPDatasource - After cleanup  stats (total=5, active=0, idle=5, waiting=0)
2023-08-05 15:58:12 [DEBUG][com.zaxxer.hikari.pool.HikariPool][fillPool][518]-> HikariCPDatasource - Fill pool skipped, pool is at sufficient level.
2023-08-05 15:58:42 [DEBUG][com.zaxxer.hikari.pool.HikariPool][logPoolState][421]-> HikariCPDatasource - Before cleanup stats (total=5, active=0, idle=5, waiting=0)
2023-08-05 15:58:42 [DEBUG][com.zaxxer.hikari.pool.HikariPool][logPoolState][421]-> HikariCPDatasource - After cleanup  stats (total=5, active=0, idle=5, waiting=0)
2023-08-05 15:58:42 [DEBUG][com.zaxxer.hikari.pool.HikariPool][fillPool][518]-> HikariCPDatasource - Fill pool skipped, pool is at sufficient level.
2023-08-05 15:59:12 [DEBUG][com.zaxxer.hikari.pool.HikariPool][logPoolState][421]-> HikariCPDatasource - Before cleanup stats (total=5, active=0, idle=5, waiting=0)
2023-08-05 15:59:12 [DEBUG][com.zaxxer.hikari.pool.HikariPool][logPoolState][421]-> HikariCPDatasource - After cleanup  stats (total=5, active=0, idle=5, waiting=0)
2023-08-05 15:59:12 [DEBUG][com.zaxxer.hikari.pool.HikariPool][fillPool][518]-> HikariCPDatasource - Fill pool skipped, pool is at sufficient level.
2023-08-05 15:59:42 [DEBUG][com.zaxxer.hikari.pool.HikariPool][logPoolState][421]-> HikariCPDatasource - Before cleanup stats (total=5, active=0, idle=5, waiting=0)
2023-08-05 15:59:42 [DEBUG][com.zaxxer.hikari.pool.HikariPool][logPoolState][421]-> HikariCPDatasource - After cleanup  stats (total=5, active=0, idle=5, waiting=0)
2023-08-05 15:59:42 [DEBUG][com.zaxxer.hikari.pool.HikariPool][fillPool][518]-> HikariCPDatasource - Fill pool skipped, pool is at sufficient level.
2023-08-05 16:00:12 [DEBUG][com.zaxxer.hikari.pool.HikariPool][logPoolState][421]-> HikariCPDatasource - Before cleanup stats (total=5, active=0, idle=5, waiting=0)
2023-08-05 16:00:12 [DEBUG][com.zaxxer.hikari.pool.HikariPool][logPoolState][421]-> HikariCPDatasource - After cleanup  stats (total=5, active=0, idle=5, waiting=0)
2023-08-05 16:00:12 [DEBUG][com.zaxxer.hikari.pool.HikariPool][fillPool][518]-> HikariCPDatasource - Fill pool skipped, pool is at sufficient level.
2023-08-05 16:00:42 [DEBUG][com.zaxxer.hikari.pool.HikariPool][logPoolState][421]-> HikariCPDatasource - Before cleanup stats (total=5, active=0, idle=5, waiting=0)
2023-08-05 16:00:42 [DEBUG][com.zaxxer.hikari.pool.HikariPool][logPoolState][421]-> HikariCPDatasource - After cleanup  stats (total=5, active=0, idle=5, waiting=0)
2023-08-05 16:00:42 [DEBUG][com.zaxxer.hikari.pool.HikariPool][fillPool][518]-> HikariCPDatasource - Fill pool skipped, pool is at sufficient level.
2023-08-05 16:01:12 [DEBUG][com.zaxxer.hikari.pool.HikariPool][logPoolState][421]-> HikariCPDatasource - Before cleanup stats (total=5, active=0, idle=5, waiting=0)
2023-08-05 16:01:12 [DEBUG][com.zaxxer.hikari.pool.HikariPool][logPoolState][421]-> HikariCPDatasource - After cleanup  stats (total=5, active=0, idle=5, waiting=0)
2023-08-05 16:01:12 [DEBUG][com.zaxxer.hikari.pool.HikariPool][fillPool][518]-> HikariCPDatasource - Fill pool skipped, pool is at sufficient level.
2023-08-05 16:01:42 [DEBUG][com.zaxxer.hikari.pool.HikariPool][logPoolState][421]-> HikariCPDatasource - Before cleanup stats (total=5, active=0, idle=5, waiting=0)
2023-08-05 16:01:42 [DEBUG][com.zaxxer.hikari.pool.HikariPool][logPoolState][421]-> HikariCPDatasource - After cleanup  stats (total=5, active=0, idle=5, waiting=0)
2023-08-05 16:01:42 [DEBUG][com.zaxxer.hikari.pool.HikariPool][fillPool][518]-> HikariCPDatasource - Fill pool skipped, pool is at sufficient level.
2023-08-05 16:02:12 [DEBUG][com.zaxxer.hikari.pool.HikariPool][logPoolState][421]-> HikariCPDatasource - Before cleanup stats (total=5, active=0, idle=5, waiting=0)
2023-08-05 16:02:12 [DEBUG][com.zaxxer.hikari.pool.HikariPool][logPoolState][421]-> HikariCPDatasource - After cleanup  stats (total=5, active=0, idle=5, waiting=0)
2023-08-05 16:02:12 [DEBUG][com.zaxxer.hikari.pool.HikariPool][fillPool][518]-> HikariCPDatasource - Fill pool skipped, pool is at sufficient level.
2023-08-05 16:02:42 [DEBUG][com.zaxxer.hikari.pool.HikariPool][logPoolState][421]-> HikariCPDatasource - Before cleanup stats (total=5, active=0, idle=5, waiting=0)
2023-08-05 16:02:42 [DEBUG][com.zaxxer.hikari.pool.HikariPool][logPoolState][421]-> HikariCPDatasource - After cleanup  stats (total=5, active=0, idle=5, waiting=0)
2023-08-05 16:02:42 [DEBUG][com.zaxxer.hikari.pool.HikariPool][fillPool][518]-> HikariCPDatasource - Fill pool skipped, pool is at sufficient level.
2023-08-05 16:02:48 [DEBUG][com.zaxxer.hikari.pool.PoolBase][quietlyCloseConnection][134]-> HikariCPDatasource - Closing connection com.mysql.cj.jdbc.ConnectionImpl@69e26066: (connection has passed maxLifetime)
2023-08-05 16:02:48 [DEBUG][com.zaxxer.hikari.pool.HikariPool][call][729]-> HikariCPDatasource - Added connection com.mysql.cj.jdbc.ConnectionImpl@4faf9c6
2023-08-05 16:03:12 [DEBUG][com.zaxxer.hikari.pool.HikariPool][logPoolState][421]-> HikariCPDatasource - Before cleanup stats (total=5, active=0, idle=5, waiting=0)
2023-08-05 16:03:12 [DEBUG][com.zaxxer.hikari.pool.HikariPool][logPoolState][421]-> HikariCPDatasource - After cleanup  stats (total=5, active=0, idle=5, waiting=0)
2023-08-05 16:03:12 [DEBUG][com.zaxxer.hikari.pool.HikariPool][fillPool][518]-> HikariCPDatasource - Fill pool skipped, pool is at sufficient level.
2023-08-05 16:03:42 [DEBUG][com.zaxxer.hikari.pool.HikariPool][logPoolState][421]-> HikariCPDatasource - Before cleanup stats (total=5, active=0, idle=5, waiting=0)
2023-08-05 16:03:42 [DEBUG][com.zaxxer.hikari.pool.HikariPool][logPoolState][421]-> HikariCPDatasource - After cleanup  stats (total=5, active=0, idle=5, waiting=0)
2023-08-05 16:03:42 [DEBUG][com.zaxxer.hikari.pool.HikariPool][fillPool][518]-> HikariCPDatasource - Fill pool skipped, pool is at sufficient level.
2023-08-05 16:04:12 [DEBUG][com.zaxxer.hikari.pool.HikariPool][logPoolState][421]-> HikariCPDatasource - Before cleanup stats (total=5, active=0, idle=5, waiting=0)
2023-08-05 16:04:12 [DEBUG][com.zaxxer.hikari.pool.HikariPool][logPoolState][421]-> HikariCPDatasource - After cleanup  stats (total=5, active=0, idle=5, waiting=0)
2023-08-05 16:04:12 [DEBUG][com.zaxxer.hikari.pool.HikariPool][fillPool][518]-> HikariCPDatasource - Fill pool skipped, pool is at sufficient level.
